<?xml version="1.0" encoding="UTF-8"?>
<!-- Generated by org.testng.reporters.JUnitReportReporter -->
<testsuite hostname="LT-LZ-0230" failures="0" tests="8" name="extentreport.ExtentReportInfoAdd" time="3.488" errors="0" timestamp="2025-09-02T16:26:17 IST" skipped="0">
  <testcase classname="extentreport.ExtentReportInfoAdd" name="testXml" time="0.003"/>
  <testcase classname="extentreport.ExtentReportInfoAdd" name="testBlockItalic" time="0.026"/>
  <testcase classname="extentreport.ExtentReportInfoAdd" name="testJson" time="0.153"/>
  <testcase classname="extentreport.ExtentReportInfoAdd" name="testSetData" time="0.004"/>
  <testcase classname="extentreport.ExtentReportInfoAdd" name="testListData" time="0.007"/>
  <testcase classname="extentreport.ExtentReportInfoAdd" name="testSSCapture" time="3.286"/>
  <testcase classname="extentreport.ExtentReportInfoAdd" name="testException" time="0.006"/>
  <testcase classname="extentreport.ExtentReportInfoAdd" name="testMapData" time="0.003"/>
</testsuite> <!-- extentreport.ExtentReportInfoAdd -->
