<?xml version="1.0" encoding="UTF-8"?>
<!-- Generated by org.testng.reporters.JUnitReportReporter -->
<testsuite hostname="LT-LZ-0230" failures="0" tests="3" name="threadlocal.ParallelActions" time="62.245" errors="0" timestamp="2025-07-25T17:17:47 IST" skipped="0">
  <testcase classname="threadlocal.ParallelActions" name="colombiaDispatchLogin" time="21.070"/>
  <testcase classname="threadlocal.ParallelActions" name="costaricaDispatchLogin" time="20.613"/>
  <testcase classname="threadlocal.ParallelActions" name="ecuadorDispatchLogin" time="20.562"/>
</testsuite> <!-- threadlocal.ParallelActions -->
