<?xml version="1.0" encoding="UTF-8"?>
<!-- Generated by org.testng.reporters.JUnitReportReporter -->
<testsuite hostname="LT-LZ-0230" failures="0" tests="2" name="shadow.OpenShadow" time="10.820" errors="0" timestamp="2025-09-17T17:07:11 IST" skipped="0">
  <testcase classname="shadow.OpenShadow" name="openRootDemo" time="8.760"/>
  <testcase classname="shadow.OpenShadow" name="closedRootDemo" time="2.060"/>
</testsuite> <!-- shadow.OpenShadow -->
