<?xml version="1.0" encoding="UTF-8"?>
<!-- Generated by org.testng.reporters.JUnitReportReporter -->
<testsuite hostname="LT-LZ-0230" failures="0" tests="1" name="extentreport.LogLevels" time="1.563" errors="0" timestamp="2025-08-24T06:55:27 IST" skipped="0">
  <testcase classname="extentreport.LogLevels" name="logCheck" time="1.563"/>
</testsuite> <!-- extentreport.LogLevels -->
