<?xml version="1.0" encoding="UTF-8"?>
<!-- Generated by org.testng.reporters.JUnitReportReporter -->
<testsuite hostname="LT-LZ-0230" failures="0" tests="1" name="AutomationTest.SalesOrderCreate" time="69.126" errors="0" timestamp="2025-09-18T07:50:31 IST" skipped="0">
  <testcase classname="AutomationTest.SalesOrderCreate" name="orderCreation" time="69.126"/>
</testsuite> <!-- AutomationTest.SalesOrderCreate -->
