<?xml version="1.0" encoding="UTF-8"?>
<!-- Generated by org.testng.reporters.JUnitReportReporter -->
<testsuite hostname="LT-LZ-0230" failures="0" tests="1" name="AutomationTest.MxOrder" time="25.471" errors="0" timestamp="2025-07-24T16:29:53 IST" skipped="0">
  <testcase classname="AutomationTest.MxOrder" name="orderCreation" time="25.471"/>
</testsuite> <!-- AutomationTest.MxOrder -->
