<?xml version="1.0" encoding="UTF-8"?>
<!-- Generated by org.testng.reporters.JUnitReportReporter -->
<testsuite hostname="LT-LZ-0230" failures="0" tests="1" name="pom.test.LoginTest" time="144.787" errors="0" timestamp="2025-07-25T07:44:32 IST" skipped="0">
  <testcase classname="pom.test.LoginTest" name="loginCheck" time="144.787"/>
</testsuite> <!-- pom.test.LoginTest -->
